eqOgCYqqIOkIkGqaqSIggqSqSgqgeaOGIkGgeaSISqgYmYqkqqOaCOqSYCCakmYkOCIqqkOqCkISkSIaqCkSIqSqqYIqSYagmqqSSOqYagGCCCkGYGOCmeemSICkgmemIYIIqOGqqqYqqSYOqaqeqakqgSYqYmkOISCqSkqkqYYGkqOOIOGSgOqkIqOISgqqaqOCYaOOGIgSmeqOqkOCSOkOIYqqCamCqOSaIqYOgSSqmegIqgOCmOSeOCqqmSSYSmqqICYqqYmaIgCCGGSmeeGYqgqYqIGqqCGSOqgYSmSaqkkSgCYqkgqSgqSYCekOIqISeIOSqgSIkOgaIqqqeOkYCIqOSSaqYSqImmSCIkegaqkOYSGGOOYkkSIIgaSqCeOmOeSYYqYaqqO
gmOSSOCSGSSSSYCOmqkIOqOYqqYCegSakegaeOgqqYqGCegkqIqkYISqYIaGmOkqqSkSqYCqSSmCCeqmI
qGImgeSGqCaeqqImqemIYeqqYmqqSqgqCkOeaggqOIYqISagqqCqqmIeIkqeCkqImeGYOOqqqqCOqOmOqSICIGqGIaqCqIgkYqOqeIqqggOGqaCOeqIqGqeYSCOYCCIgqGICaOqGqIGOmaqSaOqaGOgCSSSqqOkaGqqCYaaCmaIeqCIgYkkSSGSGqIGakkqmaSaqCkmCOIqqSqeaekICqSmeYgaqgSSSqqeImOISkkamYCqYqOImGqqGOqqGCaSaCOkYkkkOGqqSYOaYCOYCqOCCqkYGSYOYaCeSqImkaaqkOqeOeYqeGCGqOqOYYkqaaIGqeCIOqeqSeCmaCGYOYamgmSYYYCeYOYCqCqq
CYqqkkaOOYOqgkOmIeYCIkqIgCSqqCGIYOakSOeeCGCYqkmqImemeqSkSOameCSqCqaOIGCqqCOIGeGqIaYgqYamkYeqmqOOeYSeqeeaYmmqOIagqCOICSCqOSYSaCCqeYgCSqkIaqqGGqSCqaqeOekgeqCSIemmgSSIGqYqmaSgqCCOCkIqOekOqYeCOaOIkCqGqSSGqGCmSqICmqqeCaGGSIYkGSeOSSSIOkqaICOOqISqYmGCOqkOqYCkOqOqaYCSmmOkkOqmYSaOSSGYeqCOmqIaCakqC
eOIagaqqaSqSIaOqOqqqqIggOqSSqCqaSIOqmqSmeeCgaCqYOmeqOSSOIIGqmIOkqSGaOeakmgYGqCqSeeSSqOCeCkOCGgeaeSCgCkCOgYSCqISaSOmeqgqqkICqOaqmqaSCqeYqOqqYemCmCSaeCeqeqOqOqkqOSOCOkCOGkqYYYqeCqqkOYqYOIGqaISeOOOgkqeeqeOIqaqSYSYeCIeGeqqqmOSqIaqIqkCGYgCCOOqqaqOqmgqmYkGCkIqgaGkYYSIISkmqYaqqGSSCSYkSYOgYSOamSOegYIkCSO
OgaIqqaCkkOmOgqaOSGqmkIgYmeSmSgqCGkmqqqqYaYIIICSqqSImGICISkqmCeqeeOOCkqCqkOqeCCqOgYCqqYqIqqGGeqgmCOSSmCaqqqkkqGOqgqOmeqkkGgYCqqGqOaqOqqqqSSqaSkqqGgOYkeOqqqqIqSkCqeqYqmYqkqmqOeImCSkSSqOeaeYqqmgSqGSgS
IaYOamgqCIgaamkIgYqkSqaqSSSqgqqmeIgGqmOk
CSqIqYGqIIqSGICgOOYqaqOmOOOeSSmIaqqqYGSOgCIaCgqaqqqeYqqCYkqYOkYqeSIkCOCaCSkOkIYCqYqqqmCmaakSeImIYOIgqqCSYqOaaCqYOOCqqaIqCmaSYGqCgCIkGOqqYICaIqqYOSgqIqSqCmqqIOSqGOOqmqICOmCCkYqCeIYqSqkqkGCqeIqeaqqmeaqmqqYqqGmYgeGmCCSSmICkqCqqIIaqqYmqGCGakqOCGqYekSkCCSSkqgkCaICeSSeCGCqYeYemqqaSSeeaYIkaqOakqqqOakYSqSGqOOSCYaCqaCCCqqaSCeOeqCeOOGqmGOqCqSSSYCYqOSOYqIemqqYgaqqIqggkgICkYYSmSSaYgqkIaYgIOaOCkaqISg
qIGOOgCqkYGkSgaISSqgSqeYCOYqOCmSqmqemqeIOSqgkqqCIaIegqgOSqqaamOaSCaOmqIImSmCGkqaqaqqYOakkCYSqSOqqSgqqSYaqOmOkqqSaeqOOkqkSmqCCCqekqSqCOamIOCGaIekCqgSmaqGeCOqmqCgqSSOkqCggYSkqIeICYgqCgOkYgaCeCeqgOYeGIaYkOCkOkOaYOCGaeqqaYYqOOqYSaqeCSIOIGqqSCamCqCkSmeqqqYIqqqqSqCYOIqYqqYqagCkSGqqGqqegakCqmkGmOqkCGqeIOqICIOSYkIIYqGYqgOkYmqgOkImYqmkqYSCIkmOOqaCaYeqSCCqCYaCqgqYCGmCIGSYCCqqqIg
GqeCGqSkSmqGIOqOOqYYemqaCOqqOqImOSCkqkGIYaqGSCqqICkYCmYeOOYCmYCgOOGmSGOqqqgqOgegICIqCGkYeGqYIgIqqGCqaqIOOqgqkIGqqeOemOCqOCOkgOqeqkgeOmqaqqSmqOSqqSeqaqqSkCqIqqeIOYGOIaYYGIgqYSSqCmISIOIqggekYCqmakqCgSOOmaGOggYCqSYCYCCCS
qSqOqSSqqeIqCOOqYIOmGOqOqaaaOaGgOqISqGeqqOaOYOSCCGmeCkkmemqIISIIGaYOqqgOGOSaCYqCYGYqkCkSmqCkGIkSeYkIeOeCaqkmqkYqOCImkaeCCqeaqeCqCqaGCqSCeOaeOaSqeqSCCYGOCeegGCeaeqGqqqaYGg
kqCOOCCgCOqCgGkqkqeCeSCIkGGCSeOOIgqkSgmegSYGqCqgCYkqSIkqkYGeOaqagCqYmGaqCGqqYqqSggamSImqgSYOOGSeYqmmaOqqmgIkCkegYGeOqISqIOIeOOqOmqkOIqqqIakkSqeSgkGqqOqqqOeOSqGYeSGeqeCq
SCIeqeaqOeSGmSmeIgCmmGkYeqqGOOqSaSOOkkqGYGmSqqOGSOkgICakYOCaYIOmaYSaYSqaICgIOmqOGeYYICIkaaYqGGSYCIYGkeqYCeaqgkmqgaqYqOqkgYgOkSCIeGgaqqGSkgCGYagGgSIYCqeeqaGqSaqSaeqYgSaIYS
egSqCIOqkekOGemqCSSqCqYOIeCSSCSgGqIaqmCqIqgGSmYOaCSYqYOSmaIIgCgIOqqqq
qOIeYgOYCSYeYgCYqOkqqqaCIOgqqGkISgCCICYCGqmYqGeqmICkqOqOqImCeaYaGGCSOqkqCCqqGaYmeqqaSOSkYIemqmYeYqmGqOCqGSIgIqqmqeqSOYqqIgIqqOqqqSSYCqgIqqakCqYIOkSemYOeCgmgICCaagmgqqYmqCYCeYSYIqSOOOqY
qgOYYqggCIqGCegSIqmSIOkOYYYgqqmImCSmkCmeCeqGGeSeCCqqOqaqaqSqqqOSOOkekOSgOOqgaIYmGqqkCOkaYSqkakYSCImqqCaYqYeYeGSGYSkGqqeqeCeqqIOYqCqqgOSYYOeCqSIaOqmOOaSGqYSqYGSS
CeqSkSqYOGmOSqmgqgYSCgCaqCSegkakqGqYkmSYYmeaqeSImaagGgqqqSGmSqqSmCqakgqqegqCqqOYSYqeSCGYCOeqqqSeqqqmqGgqeSSCmqSYOeOOeeCYYOSSIOqIYaqamOYCYkIYIqqCgICaekqaaegOSeOSYOqqkSImqCIqeqSGCkaSISqgGSOqCYqqmCqqSYkOOeYIYCqaggYaSSkkOmSemqekCgqGqCqYGIgSqeSqOSICgaCGOqSSCgSmgOSqgIYmqSgqYSqaCCSqIeqIgkqeICamkememCaICImYkaCeSCSeIqOqqkmGOOmOaqeaYCSYIGOaGCYqqqGkgCaYCCaIeYSqeOOeYgGSmSGYqaCaOqqgOYCeaqOeaOkCCSCCIkkkSImeISOa
OqeqgkkSqIGeqIOOIgqOeaqYaaCggegqaaSeOqkOCqIgqqGCYqYkkSaeCqOaCqmqqOImgSSCkqeYSqaYmIgOIOYIaOGeaaCOagYqqeqqqSCeOkGYIIYIImqCqCIkGSCqqYqqqgCqOaGGqgSkOCmeqgqICgOaIGGeCOeIgkYSCYCOagYOOqqCIgqaGqIIeqqYOaICeCqCCIqqOeSmIagkaYOGSIqkYIqqqqGIYqYqSOIkeqCGkOeqqCaqYkGCqqSgYOqmSqmqSqkSgOaqqeqCqIkkeOCIGeSqeaqaYqCCIqCkkSSmgIggYOaaGSCqqYSYOIkkOqGqmGYmqOqgYqOYCYSCqOISCkSSaSYgOqOSaaqgYIaSqOggqkmOgaSgICCamICgCmOqaYqOCqCeOqaCaemmkSqOImaYICYkameYkGImqSSqSqmkCqCgmOGqCakGqmqkOqqIYqCCIqaOYIqekgqGaamCqISqSGgIYGgkYkCmmG
qaOmCqmqYaCqYkqCCGaYqIIYOmGOkSIYkCagqIOaeeCYOIICmCSkSeqqYCkqmaqCOISeqYqemmqOIaOYOOgkqkqOIOqkOSgmqqSqqGmCmgIqSeCeqqSCeSeOkOYaSqOOqOSCgGqqqmeqGGqqYmIOqYYqqSmkqOgqqSqaaGgqeOIOIeaIqOgYmqmqCCkSYOISeOOGkqeqIqeSOeqCIqSYCCqmkmGqOCqOqkmqGYIaqCCIOaGCkOYYqkSSkqgOqgSkkeOOgqmYCYCqeYOqIgSqmCIqeqgYqYYqOqekSaSmkekqGGqmeGqOmmSGOqmGqYSSqeqeSmIqqqIqqIqkSSSOgYaqmSOIqGOOgSOGGaqqeqSqqGaaYGSgmGqSeGCeYeqgmCgYCgekqIqSYqqeSeGeqgYaqeYqYGOkmeGkeqqkICSmmqgISqqqqqaSqII
eqqYqqYaqkOekeSeaqOeqCIOqSOCeGCqYggSOgkkmgIkeIqGqagOqeqqgqOYkaYSCgYYIgCISmYGqGkOmYkCOIggmSqOqSIqqYqeeqkOGqqOeqqSegkaaqICqaYOGqmYSqgOmSGCmqmIeeIaIkqaSIOgIqOSgYqqCqqqYqIOakIGYkeYqqSaOYaeaqSqmgqCeOaOGOCCGOSCIqOeGqqGqqqOSmIegqqeCSYqakqGCqqgqGIqqIqSkgCCYOSIkamIYOCYCICaSkmeakqOSmOYeaqaSSSkekSaOqeIgmgGOOSCqCGqqYqYkCeYkqmgGqekCe
qGSqaIOqGkSSekSIqCCCqIqqIqqYekaIqCOCSYqeqaemmaCCCeaOeqqqegaIegkqIqqqqgqmCqeCqqYGCqCqGSmYOYgISSGqmSagISeqYISSkSqagqOqeaYYqegOqCCSkCIqqYSekgYYkGqSCqeImgOYqqmYaqYaqIaGCOSkkGgIIaqgOGGqCmCSqmGeYqqagqImqaeYgqCGImqOkCIekqOYSSmYqOCCqOgOqgOGqemqqgOSYGaYGYaaGSqSGOgqGCYqkOYgYIGYYYISIIOeOqqICCOOkeOOqOaqYYSqqkkGYSqGaYqSkaIqICkqkmSmYqqqkIOqkIkqCYCaqOY
YSCqgmCqkkIaCqOSmYgOeOqemkOgggqgeqIIgSgCqOIqGgqIqqqICkqOqaSaamCCkqImaOqSSOCSOYqOqqqCgkkqgYkmqqmqeCSCmOCqICCqOIkOqGgYOqSSeqIqCGqCeICmgSOIqqOqaCqSOYeCqGOgCegqqGkqmYmmqkqaaSgqSYYYOOqqqmCOkYagkOGCamCqqCCgaOgqISgYGOGqSCSCCqSkGqIgYqYIgYYqCCgqCO
qqqqgqImmqCgmqkgmSYSOOCqekaSCYaISGqgkkGIqqkqmCqSCkqqqqIOIGCmqYkYaGqqaGqCkSCCSeOqaqGqIkqCIGOeYqGSeeeqIqkIqSSIqSqCOqCqYqSYOIOqeCIgaSISSqYeYagCCkSYICSqqYqYIqO
OSCgqSOqqqqkgCkSqCSSGekCIqCYaGYgOYaCqCCgSCmCSSSSqSaekgYeIkqkYkqIYYYqGGaqCIOYgCqqCeCIYGOqYSqqgqqqqkkgqeIGmeqaCCeqCIICqqakOeSqIIOSqOaIOkqqmmGSYaYkeCCqYGCekaqCqgkGeOmqGqmIkmSaqISIgqOqekOSSeCgSqGeqCeqYmmGGekGkgaqqOIYSOkaYCqSqaOCCggkSqGCOOCOOamOSqSgSIqgSqCOSGYgOkqgaeOGOqGqSCIqqCSCaCgYOIOOGOqSCkOmeCmGYqYgSkOOOmGeamgGCmqmqqqmgmSgSaCGYmIqISmmqYYqCGOSYeGISISggmSGkYSqkqeeGmCqOamqGOeeaqqOOOGqagqCIqSOqYOSqSSYSYkqISeCOYaYeOgGqqOSYCaCSYGqqqqaeaOOYCmqYGgCgCOO
kIkSgqYGaOSOqSSeqOOYOSqIgagOSISmIIkqOgICOOGgIaIeSSOgYOYqImeYYSqYaqGYemqIOkqOOkOSekSagq
qICkCYCmOOaqCOGOqOgeqGYCCqGOmOSgqSekIGkmqqqkgaCkCOGmqOIOCmCqGGqIqqqCGeeOCOOqSIqOekqeOGCIqkqIaqCqOqO
IGGqYSqkIkOqmGYqkSIOqqqGqOmYmCYqS
kGYYkkIqSCkYICmkqGqqkgSgSSSqaqgGeSaeCgqeqeOSqqOqkIOGgqOmkCgqqOGSYSeeSOqIqkqOemaYgeqgYqOOqqqqqSamgIqamSmOaqaeYSCOGaeGSCgISGagq
OaIYmGCGqOqYaqOYeOkCmqOYmqCmCaCqYaaCGkeIeYIqCeSkOqIOISqOCqgqCqYYqOIYqCS
qgIICqIIGmOkmCOSYekIIOSqSOCqaqqqOqGSqqYCkeqkqmCkqeISCYCqkqqqIaqqqGqSYgOSqmaaqemSmCGqYCSSIqOmqIGImqGaOIeaqgkSeqmaOagOOaSICqkmCgaCqeICCICkqOCgImYYgOCOOeqeeqqqICYkakeqGIGISqeeqmYSaqagOCGqgSaYqmOgqaSYCqqmSCqIaIICmGaSqmk
qYmqCImGqqOYOYCgkqCSCCakamCqSqOSGSGIYeOYqCaqOCSqIGqqYaIYSqeCgSgqgSmeIegSmeaqaYqSISCkqqqkqaqkYekgCmCSCeGeOIqYqemSqaqqqGYqqIYOgggqGSqCYgImeeqmGCYqmCmgCSgSGqeaqICIkICqGamgqmIOgCkaGqqqkmOIIgaCqIOqqYSYgCqOCCOYOSCIqkmeqYqqqgqYqgqYIIkGgYkqgqqgSIqCGagkCISqSGkqmSqeOeCGqYkYSqaeICCIgqSIqqgqIkqeSeSSqYeCYGmOCkOkCGSIIOOkIqqagqCqYCYgYSakYIeqqOaCCSqkaIOgqOSqqOICCGSaCgeeqkqqICgSOkIakkOkqgmOIIGeYSgm
mOGOkqqGOOImeSqGYqCgCSkeCIIYGCCCCqgYSCgSICgqCOgIqqmOIYqSOOOqCOOSgSCISGOeqYqqqkCeGaOOgOGOCameSICqSkSaIYCCOkkaakqqqSOmqImqGCYaYqekaOqCISGmOYqqSOImkGCSqkSqOqGqmmYaICqaaCqIGCqqCCaqCISegIeqCqeGICCeIq
CSqqqYaqgqGkCmgaqqmYSakIOIqmIaqYqkqOSqkemqkSIIqqSqSqSOIYCaYOqSeamqmqSOSOSIqGIaqGqYkaYgOqqSIaqqqISqIaYaCCeggaSqCaeOSqkkgSmCCSgIkOCYeqaqqGaICSOSCkqgOSqkgIGqqmIaqYkgYYqqmmSOSSYkIIYCkSGSSCammCqSqgGmgqCICkIIIOmakmqqqqYGSqYgGOgSYaYSYIYCqOSOqOqqmqqqCgegGGkGIkqIqqCYmIYqOmIeOCGCYkeOCq
qSgOqOeOeOeCISmqmqqeCOOqqaqqmmICqqCCICaqkOCGgqqIqgqqqqICqemqISCkYSGCSIOSCOIegqmqeqemgCaGqSSeCSeqSaOCCYqqCYCSaqCYqOOGeOqqqqYCSGqOYqqqYYqCSkSqIkSYOeaSaqIIeSqgCqYggakqeOIaOkkqOOqIIOSqqIqSmgYSCCqqGSGCOGSgIqaCqqGY
SSSGOqYOOGOYGeaSGOqqqSSqqqOYqSqegkCSSSSCaqOqqOmIeIkqqGCIgqqSqmeSOqSSqeISqYqOOCqqGmkOIkakOCqgkkgYCGqSGgCOaYYgkOOYqSOmeqSSIqYkYmqSkISgCCqakgqOYgqCqYkeISYOCqkSSqqmGqSCqGkaqgCgqqeOSSCOaeqqOGGqkkaqCCSCqaISkkYCSgIeCaqIOCIeYaqamSIqqqIakqSqqqOgSCCSGCOS
aGqISOSYkqYqqqaYeOkkGqqqOaqeGeSqeqqCSICIkqgCCCSCGSIqSqYCIgmqGqkCYYqCGSGOCkSeCYICaImqCqSOkgCqgqCeqqOgO
mmGqqmqSIIIeGqCmeGIGqqqSYeICeYeCqOqSIkqkqaICYkSqSYOGgCgGgqYCCIYGgGYOCSIYGmegCSkYgqqqSOgCqSqOOqeYgCmSYSqqOIgqGCCSqqagOaOqOGkmqeICCYYSqeqCCeeqYqqkSSkGISeSSYOqqqqqOkgGYaqeIeeYIqqkaggSgeIqCYqYGeOemGqCeOkkkqqqqmqCIqSCqIIgICkOeqqIGgGYeeqeIYYeqYSaqgOOaSCGqeSeaqCmICYqqOSqYqGGeOqmkkgYqgOqOYagqCekqYOqa
amYgSOCmqYOOqmSkGSIqmIqqSSaGaeIYkIOImCmkakYmqYIGOqCCqYqCqOqCaCGGqIYCqYIqqkqCkqqCCaeOOCCmGGqYgqggOkqqYeeqSSmmOOqCCISICSCYOSCGmGCkSkSSIImYGeOeSqaaaCCqCOkkOCgGGGqIqGqOGeGCkgqYeIqqeYSqqkICqakaeCOYIIqSSImOemIOggeaqOgYqqCqqqCCqOqYIqGOCGIIeqSSkYOmeCkOYYaSOgmqaOqaqGCGmOqYCkCSYgeqgGmakakqOqCIGYqGYqYeGOqqeaqGqSSCCeeaYCYkaegqCCCCqqYmISqgkIeqeqm
YGIqgqqqOIIqgqCYSaOSqmSICSqmImY
OCIIYkGIOYqGqeqCOCOkegmCqaqgSSGqeqYgOeqqYgaSqqOOSqYSISeeOOOqSSkYqOeaqkqeaIqgqmekqOmqkGOCYGOmqqqIYCqSSCIqCGCOeIIYYGmmOOkqeCeCCYqIOSqgSqqCkagagSSgmqGeSkCeIqqCaqmIYggkqqIYYOqqqqqOqkYqqeqqgSeeIqqGYIakgmgIkqqSIggOSIqSqO
YSOqakqgCgYCCqgqSqGSYCqkqCgIYYeGqYgqgmqaCYqYIqkICGmaqaaqeCIYqqCeeYSYeGkGCOIqSCgGIGCqqaaqCOYaIYGYqkOkSIqIqOgGamaCqYaeSYGCGqO
GSSkqCqqmqqqqaYqGqqqCGqkqaCGmmqeqGOCqYqIGgqSISCmYqICGIgIqqGqkCmkaYYaYqOSkIamqIeqSYqSqgOakqaOICqkGkakYCIaSmeYCOkSCSOYCqaYYqSaSqqqqCemaOmGqYmOOCGqYkGImqIqqOSGOYkIgSISkgaOSOCIqOGSqgSgOSIeaaqOgGqegqqqeGYSGSCSCCqYqqqIgOeIeOkkgSYqeOqGSaSGSmOaeOqqaOSOqOaCqgYaqqYqqYqgYqeqakIeG
OgeOCIYIIIGkOaICGeqCqSgSqeOGqOSIqqqGCYqaqqIOaegGCgOqYaaaIGOaqaSqaqOqqmYqmqqmgYkImSCgeGSaeggemeqkaYCSSIOqCSqOeaIOkeCeGmeOSCqIqkqeCCqCeYGeSamqqOqaqgCqqqSmCOqqmqCqqmYIkqIIYIkSaaqqqmqCammGgIkmgqkeYYCqaqqYCGGSeSOkOqIqgCSkqOYSqCqqYY
SgYSOgYIqaqaqaIkCOmOOkqOqmICmqqOSGICeCSkCgSqqSaCGqCaqSqaOSqgkSakaGYIGYYqCeIqqaYmqggmeOqeeGImGOSqgSkqCSqgGOqgGqSOqSOmOkYYgqgeegkqgqCCSqmqmCeqgSkOgeYaaqSqIYCemqamqOageGOOOCCkSOeqGGeOmgqmqaqSqCSOqqkmCkSOmqCOqOqkGaCGSYYamqCqOYSCeSYkOkYCqOOeqqqeYgCCkqgGeSOCgCOggkaCqCkOSqCqYkYOqeqkYCSqeCqqkGCkqqSSYekSgkmaGqkIkIeqIqGIgkgOIYkgSqOqkaCCCgIqqmYCOCaSOqCYYgImqSOkqgqYqSqqkgOSIYOIqgeCCOSaqqOqCmmqmqqCCmOqSYCqqegGCmSkmYGSqqqYSgGYgaYCCgSeqYqkeCmqYSeC
eqeSCGkOkeSkGqCqmkaCqmCOqSqCSOCGCSmqGOImaqSCqISGkakICSgqqqCOCCCSgSYkYCqOOIqCCkYYSSkYIaqOqYkOIICSGaOOSYSqYIqkYOOCkeqIICgGGIIqqgSeOgCCgYqYgGqqYYOYkqeYmaqkgYqqqCmGmYOCqqSgCSmgqYOIaIOGqaeCYICkCaIqgSaqISqqqCmaIOqOSSqkYOqCYSmmeGgIqeeIqmqmOOCOmSGmYCkCqCYSIemqGOSqSqkYCSOgkSaCkmkICYqmqaqSmmSmqkIOqqSqqICOIqqaqYYmaSOGIakqYSmYOGSGYOkCkIYSkCeCOYqSqgIOSqSIemIqaqCYqqGkSSYICIISeqmSqqOeqqamaqgmCSIGGqqqqYIkCICGOkCCCSOGSOCkqGqqOSqGYCeYYYqSqCGSGOC
GkYqakICIIqOgqSIgCqqkqeqGeSaGYOqeGGaqqSmkqIeCkSSOqgegaOkCIeOYgOmqCSCYSqGSOGmqIkmagIIOqeqSYgCCYSqYqkSYeqSqqSqqIgqSSCgekaYOYqIqGqOSkmqCCSSOgmCemSgCqaqCqOeSOOaqOYgaeqCIkqamSqYGgqaIOqaekaOOYOYOqOeGaGaqqeOqOqYqkgGYkSgOgkeOCqSYqOgSOaqqkqeaqekgqCmqGSSqeIOOkgCqmqCGCqamGYkmCgqGgqGmqqOIGeqaIIamYSCGSCYqkYGkeSSOICYqGOCqIqYqkqSICIYqqOImaqCgeOqkGYOmIIYekeaqYCmeaSOYYkGmOSkCSSgqgmq
OaqCqqYaqkIqCaaqqqOCOmOYmmCeSgIYYmeSemOqqSqqGCqeqImkCaCCIIqgqIqCagSgaGCeSqkmkgeCeOqqqgSmSYqYGYaqqmqmaqOqSmeqOCmqOqmkSkYSeCSIqeqmqqqmYqSqGCmSSIqC
qaIOGGgqCSkqkOCqkCeeqgCSgqSqOYIkYCIqGkOkqqOqSqqgSkSqmgSSaIgOeqkqqgqkqYkGSOqqgeYCSSCaaOeSOSqkCGIqmYYOkGqmYSGGISqgGqqGqkqgISqSIYYYgYqqqeCaSakqIamqqOkmSCeqOmmqqmCkCgqqqGeqGqmqSYICqqIGSqkggeGqqYqOgIqYqOqSIOIImg
kSISmYSSmCqqCOYaaeSSqYCqGSYaCSqIGgYqgeqOqqaIqYmqqSOSqCqCGgmOCqSGCIeqqgmOOCSSGIOYOgqCYSSqGYkSOOmgmSemOqYSaqCaSqkOCYaCGCOqGYCmqSGqSYmYCqYmCSkSqImSCaeGICCGCmCYqqmOqCqmqYIOemCeSggqqOIqekaYOOSeCSmICOqqIGOIkIgeqqqeSOaqqkSIYqCIaqOGqOYIGYqqCqggmeCSYqIYkakIgGSYeqGkOOkCCqqSYmOOmmGqIeekCqOkqYkCakgqYaGGaqOSSOSmOqOYISIqCeqkOqqIgqqImImSqSIOqYOCIeCYqCSaqmgqaSgqGCSSYmkqqqSmCeaeeeaOqGCSOGq
aYqqOOqOIqYIIkqGIaqqOCqOCYmYIaOqGqCqeSGqqaImgqYqSgqSeCIgqCSqaqqgIeYqOmYqGCqSqGSqeCqOaOqOaaaqOGqIIqCmC
qkGqaSOCqGqqIkSSOqYkSSIgeagCCmSaOOYYqCYaSqSqkYGmqkqqCIGqmaCImYSqSOCCaSCaCqaaOmagqqkeeggOmqqqqaYeaCIOqCmCGgakGqCSqCYaGqGCSYOmOCSGkqSeqqaOeekYGkSgqkgqGCqkIqCqqamISCCGSOqCqqqSkSIqYeOqIGYqCOSmIkqICqISqkakSaOqqImqSmmOmgqqkOCakgkOkIGOGCqCeqagGqSqCqkOaIqYSYeIgYIqgYqCgqYGCqIeqkkOqOeISCmIamOYGgkmqOgYqaOYgYCOqkGCqqqCYmSqYOYqGYmCmIqSOeGCmqCkCqGYCGeekICGOYIgSkYCkqOqqGgqYgqaOkq
GkCISYkOqCOgGYCaCSqCOgOeYkqYCqOOYYaOqSeeSCCSaeqSYqSCGqqaqGSqCOCqSqCqqCOCCOCgCCeOaGqSCkeCOkaSGSqqOqSqICqGmYaqqYCOCSqqaSmeSgGeeSSqIeCCSGggqeGkIIYeCYmSCaqqYakqmGqqmIkmgqOeeOSqYmqqkOCqCqqmOSqSqSqYGYggSOIOqmeOSkSCCGkqqqqqSCSYamYSCSgkqeqOqqCIGCqgGqkOqqCOYCaYCqOOqaqmYemqGSOqmaYYGqIqSIYqCeaYmOOIekOGOmmqGOaOqSCOSOGqakOCIGCIqqkgYCOeGCSOSqCqqIqCqeaqqmGCCYmqIOqaOCagOqegCqkmgO
OSOCSIeqCqIkSaIaOYYYmqCqkCamOOCqqqS
GIgqGmSqYOeemYaYOgOCkGqOYmkamgaeGeOqqqIqeaCkOqSkGSeSGgCqOCGqYqGkOGOCOYmgeeSSkSmYOGkkaSOGGqGqOqYkeSqmOqSaqkOkmeOakqmekGqmSgqIaOeqmOgSIgCgCamOGqOSmIkYmkqSegCqmCqCGOqCkSqYqqqCqYgmaqOYCqqqkYaOGqSOmSCeSqSYqqGSCCIYImOYmIGgYqIgOGCaOqOOCOISOO
qqaqaaqegCgqSSOOkqCYgSOSqkGqkqqkOCqCGgkkSaGCCOmSSOggqYgYCqGSgOSGGImmgkCqqgSCCCeeIGOqCgSCqIGqeaqeqCImGIkgegqOeqSYOCqkSeqkaqqYCGekCYqGeagaemkSqOIYCeImkOgSqYGmaeegaSgqqaaqSOkSqSSqOCmOkgqqqCYGgCqgOSIqmSCeaYOqIqCeCaqmqqaq
CSkqCqaqIqeSqIOgqIqqeCOCgIeOCkqkOeqqYCYOSSqaICOmYIOYYmqCYCgmCaqqqCqIYSImGgqgaOqqaqqgOGeamGqGmOmaqYkqYOOqCGmkOqCkSmCqaOGSOmkYYIeOSgCqYIYqSqakYgYgqOqaIOeqSqISGeeYqqqSCmqYqYqCSGaYaqaYIqkqqCqgqGeeSqmaYCIaYSGgSGkqYIOSYgSakCaGqCSOCqCSkOGgICaSgkIqgSCgaqqGYqqIIOkYOqGkIGqqOqICSICSOSkqSqkgqqSqmOqYCIOkqqmCqeCaOGmqCaCIqqYeqaIkqIgkIkeqOOqIkOGqSeSSYIqaGSOCCCCSCaqaSImSCmGCIaqqmCYISCqqOamqISIY
qISmCGakGCqCeqmkCSICmGgqCSSqgOImqOqmOmIaaGCmgCqSYYCkYSqCqgmCOSeYYmkSamYgGqqOOqOSmCOgkamaICYaOOIqICOmaOCgqgmmCmSekSqIqO
qeqOgqGYqemqgqCggqqYkgYqSOkGqgemqCmqqqYgSSIqqqkqGOmGCGkISmqqGCmSaCOqGI
OaOCagaIqaemmqIqCgqqqSSSqYCYSqqgYqYYYOqeOmeeeGCqaqOOqmqYqCgmOqeqIIqOOeemeCOYYkaqkaq
mkqISqSYIqCqqqqeOCSqGOqISYqekSmCSSSamCYCGmImIIIOaqSCqCqqaGkYCGIeSgOeYqYSCgqkaqqeekqSCaaYSqSaIIqYICaYqkOekCYqeYIeSCkOqIGSqOIaGCqgYIYOGGqkqqaYemkYgSqCYCqGakYYqmYIGaYYkYagICSCCSCgkaSGSqSgqqGOSSeYSgIIqamOCqSkeqqSCeqqCGOSqqSqOCgqYISaqqqIIOIeYagYSYGOkYOCOIgeYOGgGOeCkYeqkkgCSeCIOCIOOqqOqOqqgGCIqCGOmqCGYYCYqqqqaqCYIaYqYYkSqOCOYYOYqCqqagqkSqY
qqqCGqYCSYqOCYCkeYqGSGGYqqqmYeqmSqeSkaCqYCYqgGYOOSgqYmqqSaaaOYCSYCCqqqCYekYmmaqqqOCeYSaOSCmCqgYqqSggqGkgSmOmgagqSCggqkqqqeqmCYCSqqggqgOakaYCqgagqYOqIOYaeqgqqIOOSOqOISeqSqOSqCgmISgIeqOSYqOGIGOCqgOGageaqOaYgGSqmOkaaOmmeYCYSOIqOqkYSemSqIkqaIqCGagqCCGeOOIeemYaCGkqqmImCGmCqICgGqeCCISaCqqGSakqeagYYGSSgeCCCISCgaSSqSeqemqYICqCSIOaaCaakGaeeeYmmkYOgqImqqgqCSYmkGOSkeYqqOSaYqIqgkagOqqaCqqqaeaS
IIqkSGqaqgqYqICOqaqCGYCekkCqqCYCOeSCOgmqYCISqSaGkqmYqqGOqOaaOqCGCYkkkqSqSgkYqqCqIaeaekISqSIakSOkCqCIemGSYgOSCgqCakGamSCqkSSqmCqSOCCkeOIeamYGqYmqSGCkqIgOqGqaYCqCCOIeYSmOeqggkCYmIOqaYOYqqOeSmCSekSaOaSGeGYOqqeqYkqIqGkmIaaqkeCgOqakqkkammYOq
SCmqmmIGIaYSCCgSIYgSqqIYOqaaqGIeqqqqgOOICIgeggISGmaGSOCeqqGkSqCqqaOkqSaeaGGqaSSqgISkCCqCmqaIGqSOGmIIYamICkqkGmqaCkqagqqqSqaqmmOCeqIeOqqCqIOYqYqakkCqOGYICCkkCkOqCkeCqqYCeqOISakYkIm
SkOkaGOIeCYqeGGOmkgISqCIkqmkqYYkSOqOaGCYSGqqqaCIqmqgCCISekSqGekeGSYeIqqCGOICGGqSCCOqqOgYgYaeqgCGqakqCOkCmeImaYYagaaOOgOCGqkqkCqgqeeIqkkCqOqOOSOmYOqOmgIkOYOImgCSmkSeCqCeaIYeOOeqqqCOkYmaYqOqaCIYSqmSaOIOqaOqOSaCkgqYOqOSqCOIaOqYqOqSqqGCCaGgSIeSYkOOgISaSCaSOCGqOqOmIYqqqOGqSqSCICkkCCmqkmgqqSgkmkaqmeIGIgaqSqeagkOOSYmISCqqaSYmOqgIqSCCOSeYaYC
IIGqeOIIqqICGIOIaYOCqeemqqSCSkYqqeCqIqIqOggqqGkCGYqIgCSqeYOqCqqqqSqqkqqOIqkqIeqSCqkqgeSekqagGqYeYmkmqCSIIkkqGOCYCqeCq
YmOGmSGSYeaOmYYSGaYqCqqmOGCYgmIgqSCOaCCqqSCYmmSqqggIIqSIkgqGCekqSOIqGSeOYCqIemekCqGSSCYSqYaGaOqYOSqGSekqgaYYOqaCqqqqqqGCqqgYgSYSqIaCgkYOqmmYqOOGqqYCICqIOgYkmgqqegaCOmaSCeOCqIkmSIqSI
kGYqkakOgaIYIagCqmqGCqCSgICCaqkqqIqCYSSaIkGkGqCGYkOYYqCSOqSqaGgCGSCYGaqaSCeqgqqCeSaOCSkSqaOSYqgegSaqSCamCCqkSqqCgqYOOIOqkCOqCGgaSqIGIOqmOqSkOqaYOSOCCmCIImCCYSqmCmOIGkgaeqkqIYqmqSgISCOSa
SkYmmIggIOOaSgmSqCmSSgqCqkekISGYqGOqqqgCCGICaCSqgqYCISqSGYGGgaqqqSqGIIGGIIaCgqCqIqgaqkeCaGGCOIkCGkqaqYYqCIGYYkaqYkeCIYqSmIggqmCSqGIaOIqaGeSSkYgYCeCaeOCqSYmCGOagSmGYIqIegkqqYgqGqSqqCOamaYGOqqaCSqmaYaqqeqCCaqCamSYOGakCIOqCSYCIOCaqaaCqCSSCOqgIOYGqqSSeYqqISGOYSaIqgqmOCqqOYeSqkmOmYGYIqCqOmISqSqkqSCqIqOOemYgqeGqqCqYmOkGYqmSOSGmSCG
ImCCqqmCIqaYqaqYeOkqIYqCqSSOCCOCGmqqCqgOqmqSSmCOIkqCqqSCIGmOqgmOqYSCqIISkeqGaYImCqqqCmqgqIqGkkSYmCIqgqe
qGCSYGSIkeqImSYmSIaeqGCYmqqgYmIOOOCYCaqmOgOqqmCGqOIgCqegOeggOgkmaqeOaOOGCGIgqkYeeqOSCSgIOkISYGSGqOeqeSmCOqOqOqeCSgeqYOGYCIOCOSqkSgGSgYSGSqqeYYqIkGeaSqqkeaCGOgqqIgagmIgOagGaeqgkGqSOqqCSOYqYeISGSSSOgYCOqOqSqIYqIOqYgOqqYOqqOqqIqCSqqmqCqYakgSSIqmqgegYaSOGaSOSYSeqOCYgCqIgOIISGYqqkIeIIekSeOmqGmSq
GqCaISqqgqGeOqqaqqCISaSmIgaYSYqYqSqSOmIGqmgOSgImaOOameSIYOIYmGIGYOqaqCqOIaCOmOkqOCCaGmgGaqGkGOGGgqakYqkIqSICOCIkqqeagqqGSOSSqYGYkmSOqSqaqqmmkGSqYkSqCCkaIeaeYCOSSeaSqqqaCqIaCCCgGYqSqICIIOekYaqCqYCCgCmSgIqOgOC
mSSOGGeCqOqgmIIIqSSSISSqqSGSqmqqqgkemSkqggqaSIYqqIqCqGSqYSkYIIOYeOqqqgmqGqIOCYCIGSqIGqSCeqgCCCCgSaSSOOaOIqqqaqeSqqqYeqICGOOqqOIm
qYmGSCeSaqmmqgeCICGOqYCSCYgGCkCCYmemaGqqOIqaOqqqCgGCagCOICGGmYYSqakqOYGYCqIGgaaOqIGImqCgaYeeICYqSkGakgakOGSkOYSqSeCOSOSaOCmqOGqSqImeaCSSekCOIekGgYeGCqqSqIOGYICCmOqkkqqeCGekaICeqICmGGOqOgeCSOCeYeqYqmqCkOqCIkYqIIeOqIkqIOeqSmqqIIICgmGIqaICkCCYCqaOGISqeaqqeSmCmqSkImqISamCeamOOOCqYkmqmqmOSGqqqOaSOCSekqOGOgGSgmCIIqeqOOqOeCCCegIqOkgkIkaOOggqYkGSqGqqeqqqgCmOeqqmqSqgeOmCmkOgmqGaIqSOOGgOIeSIqkkamIkkgGgSqOGqCqmqYOYIOqaCmCqYCOYqgqqYSGOgCOOee
YqeCqqggqOqYSGaCImqYeYCCaIaISaICaYkqkOSOekOgSSgqeqkeSamOeOYIkqqeSqYkmmYqSqYqaOCSqkSCSSCamqCqGkkgOqkIOCSkqGSqIqOGGGIYeaSOaCmgqOemYeqqGqaGeCggqSqmqSaIqeSYqIIOSaSgmSCSeqISqmgeqIgOqIqaIYkSOqmSkOqOOOOOqYkCmOCOSYkeCqGOmSSaYSqSGGkSIqIGeImqgSeCOOSGOqSaIIqYaqmCmICOIqCOSSqIYGSmCqSYCmeIqYkqqqOgqqmOqkSaImqIkqYSqSSkqGaqYqIqeSYGYSIqYGqmOemSqGOeSqqOYqemIaCCeSgaaqaCaaOCIqakqqeaqqOqCYekeqegYeYYgkqkkqqYCYqCYSISgmagaaYq
emOqqCkmaqIYGOgqeCCIYaOqCkCqameCCmqOIGaqgSqkaqqgSkmqgmOSGaYYOIkmSaqOkImmYqOCgmOOqSYOCICqSYqkeOaeaOOIOqSmCO
qOCSGkekqIaOGqSIOSqqggqaGCaGISqmqCGqkqkIYqqqgCIGagkqCOeSaYIqqSqSSCqgaqqmamkkmOeSSYSCSqOqISkqSYgeOYqqYeYkGGqSCqSSqOqOqYkCCGGqmCCOqSSqIIqICOeeqSqqYOqYSeCqqqOOISgegkCOqGkISCqYqqagqSOSGqgCOSqmkIqqOOamqeCCCOgqOgGemCqISIeCCCYSkCCGSeGmSOkGqqqOYISYkYqCSeCqGqqGOYYqYYkGekaSqCeeCYqOCaeYaSCCgaeSCGqqqSOGOIqaOgqaqOqCqGkqSqOCkeYYqCCYeqkCSgCkmGeqqqaeqIgIIegGOqqaSCeqIGaaSISSGGIkaqekOIkqgqakCImSYgOISmIgCOqmIqeqqqqIIggagGgOqeCgekOmeIqqgqOqCqaYqGm
SgCCOIqgSGeqOqgqqkYII
OOkCCISCCIeqCmkIgqaqGYqeqqOYSIqCIYCqSSYkIqSYqeSCeCGaImaaqOSCqeqmaCOOkYkmqaGSmYSOmGmGqIYkgqCqeOaIqGqqkqqaqqCSYGqmGgaOCeqSCOYgqqSaIkakqCSYISOIaCgqgImSqgqSmkqOSCqmmGOamGCeqGmICqOCkSIOeIOqqqImYaIYCgeaqSOYakGmqGkSmqSIOqSqqYekOOOIqGYOYCmIaGSIqGqakgqYYqOeYeeqamqCkCgqkqSCSO
SCqOCgqSGaqqSSkkqgSYYqkISSCkYaSkSYCqSggqamCYaSqSqCSaCqmqkOGeqCmYCeegqeIgqYqCIqSqCmIOOGqOYCqqgOqaSqSqCmqCkIeqaSCSgeYIgqqSqCYCaeOSkSmqqYgOqqIgOCOekmqIkOIGCqqeYkkmGqaqeSqOGqSOSIYYGggCCIaqOkOSqIaeqImgqSIaSSgSGgSqgYCYYqaGeqYSmqkeqOYkIGgqISIqICYGIkeamGYakYeegOkYOGYCqqSSYOSkISSkkeSCOkGaOqaYkqgkSkYeOqOIqeqGgYaqmkIYIqCCGCqYOeSq
eqIOmeeqqqqYSGOqqmqYOSISgmqIqYSCSSqOSaeYGCSkmYkGeaOqOkqaSgYqaSaqeeeCqmYkqSmgGqCGSqIIqmqOSCkSOOkCaqgmkeqSaqqqqIOgSYIqkCkaIOSkCgqCqGGGqYYkqYqqqqaOSmOqgmSOICqGaSgqOOGCqIqSIkqYmqOqGqCaSYqqOqkqGGeIqOeCCeImOYaeSaGmqgIqqmeCGSYCIqIOqYYSqYeCqkSYSemYYOCOISaSqqeSeqGqSqSqIYgOOYgmgCqqGOOOICqaaOOSCSqeOmqgIqICSqqIOSgaOqYYeqmCeYaYSqeSqSCqmgCYYYqeYgYaqIqqYgCCmaSCeaCCYqaOOqmqGgCeqqkOSqmkmeaqmSemGqSqmSImgmSqSSaCqSqCSOSeO
YqqgkIkSIISqqaCamqCYqqaqqeIOGIgCSSYCm
SCaSOqgkkeYCSgSamgqqIGmOmSeqaYqqOSISkmOkYOkICISIGYOqICOIYGqYgqmkmaCmqGqgeqqIGYCGqqGaCSmqIOaIqIkmISqCGqSkkqCqgYqSmOYOGGqSSCYIYOaCameIOGqqIIaYIaqqCYOqSOIGegkIOOqOICCOSOqaYCOamIGmqYeqkqSSISqaGqIaqmGgqmOOkqOkqqaeCmkSCqgkYkkOCSqaYCqCYIqaCmaIOqkCGaYgYmaqCqSgaSSkCmqOIImCgIeOqCSeSCqSmqOqOkmIgqOCmkSqqaqqSqGmgOegSOqOIISOqSYYqmGmgIIqCqCeIgYCqggqqqkOGCCmSGSSGqYmGOkgqqGqaGCCqSCgqaSqkaIICqYqGYOYggSCqOGaOOYSqaeCqCkGqqCeaSGqqgOqaCGqCgeYYCIOemq
qOqkeCCakSSOISaOgqSqICSkgqIqagggmISqCSkOakOqSaIImYCmSSIkYqSOOqIqCYqgegqOOSYqCYeqmSkYqqeeOIOaOqYCqqgCqISCqIOaOSqqmqgqaOCGCSSOgYGISqqaeqCSIOqYmqSSSmOmISYqGOOIIqIOSmGqOYOOSekYqCOIYSImaCeqkCSqISYaqSSIqOgqqGGqmCCCSCCYqaSqkaSqeCqqIqCaCOGmGIeqSSqIekYaqIgYqeqCGqqGeqemYCSaYkOmqqYgYSISIYqaqCIegmqIaOkOSaSqgqSqOqImqSSgSqaIqqCaqYkqSYgOkYqqqqqmqaqSGqgaqkYgeqqCGkkagGGOCCeOqGSYaeOqCSeCgqaIqOqSqSaqSYqqCmkISSSgGqeCmqqCmSOSCYSCGIGqYYqmeSOSqSemqSOYgCYmSGa
CYmeqqmkgmmkqYmGSkqSqIgmGaICmqeGqOkeYmCGSYeOIkSeGSCOqOIqGGOSmYqmaYmCCaeOIYSSqCOGaqCkkkSqCSkYaGeCgmCagaggYggOIkIakICgCkSYCgO
gYgkOCkOGqGOqqSOqOqeGmGeOqOCISqIYGGqSqkIOeqYkeqGqaaqSmCeakO
SgqemOkeSOqemqmCCSqmGSqgYYSOqkSqSOeYYqCYYSaIkOGqOGOqOkCSqCGgSI
eeSOCmmOqCCOqeeGgCgYIqqeOSqIIOSGqkIkgYqIeqqqSCqCmOqSgOCOgqqmakqkeeCgqYIOqSIOSqgOeOCGmgeGgaYqqqSqqqqqGq
qqaSmqSmCqYkGkqYqCGqYYSOgIGgCgqOSakqGCqGqqIqaaYIeCgqYqSICCmCqGqOkCGSSGkqqkqqkCYCSkCCYgmISCCqSGYCaGOmGkgYOqmIYSqqqakqIqqYeSaCqmIYqOYIkISCYGSYmOmkISOOSeSGqIqSgOSgYeCqmmqGCSSkYgOOeqqOIeeeGgqCOqkCIqgOGCqqOYYSaqISqGOmggeqqCGImeeYaIYqkYGqYqCgYOqOmIqqISIqaCqaqCOqeOGqIqmSgkCmCSqqgmIOaOCOOImqGqgmSemqCSqGSkgmeqCqSICqIgaeCGSegIqYqkCGCSkqYmaSCSkOqIOgeYqqeYqOaOaqOSqqkaIkqOqIeCSqCCkGCekIqqIaIqCeGSqqmkagmqIIkakqgmmCOOSCCSSqOqGqSSqaqSqqSaqSkqqGqmqCIkCqmeCCmqmYqSgaqkqYagSeImOGOgOgmGm
IqgqkOCmkYOCSakqYqgqIaqOaGkSGqagkSCCYOqOqOgGqqqmOISqCOqqYYqkOIIqqaIOqYCmOSgCYmIOIqCSqOYYqqmqYOeOkqSOSSkYkaqCGSkCgkqYamqYGSISSqaCIeqamkqCkYCqqqIeqIGaaSCmeqCGGIgOCIqgqgIYqqYGSgqeIYqqSqqSCqagqOqIeCqICqCGaCSkkqeSmIGCCqSqeeqYOqqCaqSqeOqaqgCOIOCmCCqOOaqCgeOGqOmkqSgkYeqqICOOeCGqkemOqqmqIkmqqkqGkamkYeqqIOqqCmIkICYqCYGYOakIgYqaqmSIOCOSkqSOqCqSqgCSGqkqIIeqamOGeGgIOeqOkgSqkqOIqImIaekqeqagmqqCCaOYmGqqqCYYqqgYCeIISqOqqqkqeISaYmOIYGIOegIgIkkkOCCgqIeIGIeqqOqGqOIqggSqCqkSeSSeqCmqaCCY
qSqmSeeYOaIaOeqmOqOaqgISGqCqqaOCqSYIkCgGGSaqSgqqqSeYaCYISqOCCYIqeaIgqkICgSqqOIgCSkaqIGCOeqYmCaOqGGSaImqqqCOqeaqOemOIqkYYOGaOgqqqCOaSqqCCaqOSCGOqmkCCOYCqSqagakaSgqkeeImOgIkqSqIqSgSqaqqkqOqGSqkCakCgImCqSIqISkqqqOqCqmIIqSqeqqCSOeaaISmqICYkSaaYqqISOqgSaCqmICGmqSqgmqqqGCGCGgkGIkmqqCaqqeGqSGIOmaCOqkqSYqSISeOYkOeIYOOSkqGYkkqaqOIYYOOmYqYSOYCkCIeSgYOqqISmSagakGGkqIqmkeIgqaOOqCqqOqqaCOGmqYYqqIqOqaSkGSSkkCGeCqq
aCgSIOIISqIqkYkgqqOqGYYSYaCYOYOGmYqYIYOqYqqSgYSOCqOqkaIIggIOkIGaOeeOgCOaCOqeqCIOqgOqOemqqOOmemgkqkIkYmqegCaIYeOqYaSmYOCgqCGCqqqaSCqqCOqCqgaeSOkCYeagOmI
kakYYakqgqeIOCmSeekCqqOSqSqYOkaqqgeSkSOCeICYIIqgYkGaaYqqCOqOYGakqqeYaSCkqqYIaOSqCqkCqYkGemqgmGCIqqqqaeaYOaIqqGqaqSSGIIeqOYCgeeGqOaqOOqYeqqqSqSqgqISkSSOYaOCqmmYqICaSSSSImkmeeqqqCYmCkqOCIqOmSmkqCSqSqmGCqqqOOeYkqaYOeSqqIkCSkqqqkqqIeaCSkOkqgkCSSSSaYqYOOqOOqYSIOSSSqGIgkOqCYeCSeOGCaCmYgqqCCOkqSqYYqCSOkSSYmmGCqqkqSeqGqqqYqSaIqqGqqeYCCCCqCeYgIIIqOqCqIOSYgCmqCmmqYOqkeIIqaCqqqSqSCgGkmqqYOqeaqqaSOIGOSqOOOSqOgOkSOOqOaGICOqkSOOkSCqkagqmYgaCaIOYeYCqYOGaeSIGGCqeISCkCkaOmIqImIaOqOqaCYmqgqkSqGYGkqOqYSCkqYSgYe
COCOqaCOICeqeeOOkqSCOSYgggIqkqgOSaGqqaqCgqIgeqGmqqOeCqkYaSISOaqqYOYgOqIOqggqSCgOmYkICYgOIaSSISCIqCSqSgqqOIkegeSIakqqCqOmgGeSYmaemaqIqCqOqSCCmeaGqIqkOSOmGqqeOgkqgCqqYgCISIeICkOqaCYYmCGCIkIOagCmmOqqSOOqOGOSYGISkaYYYCqGgSggSSCCYqCGmkGGSgqqYYYSqqSgCmqSqImgOOaGSSqIggkIYSmGqqqYSCkgqIqqSOCmOGkIkCGeaaYqkmqeYCakYGeGkqOqIOgGGaOqGYqaCgeqqqeqGOgg
qgOgYqaeYCYOGqGCSqgOIqqSISqqIYqGOSYOGYCmgIOqIggSqYqSaqqaqIqSOOSgqOOqeIkkCSqOgCSGCqakSIaIOYqGCqSYamgIIYOqgOIYCIOqmOqSGOSGaCIOSaqqOqgGgICqgqaGIGYqqmYqeqYYIkgYeOSIGekIOmqqCeSaSOkSqaCqGIgkCmSgqIeYmOOeqqeOmCqCaqqqYmqeSmGqIaYkYOeSqOaqOOgOmqqSYSaYqqmGSqaqOOOaqqgqqqqCYqqGeqaSqYYGCICqSqS
aegaYmYqaISOIIICGCYmSSSSCgSmkOqeqqqqqgOOYGaYqaGgSYgSCqqgCqSaOCCqqSagYSqGOkeSYIGqCYqCqIOaIOkeaeqqSCYgIaYYeqkSCSISkqCSgqOqIGICYqmOYOamgIYqYGSmqmOCSOIeSCOYCkqqeeaqGIqeqqSSCIqISaCIIqqOOOYIOmqmqYSYqeaImmSqgeOGqmaOkaOggqGkOkaCOgqqqqeIgIqYYqmmmOqOIkmmgYkCqIqYqqqCaGgCGqOgaqmGq
YakSYCSqGqOgGOCqIGqYqkOqmqCmkkOqkqaYISaOqqGkGYIqIaCOqGqaSaSmIaqgCgIqCCeqYSGSCkqggkkGkkCYmgIgmgmSaSqmOqOOImqOOYICCIqCqYqqkCqqIqOaOmeqYkqCIOCqSqYqIISakaCCgqaCGGYqaIIqaqkOGkOYIYkSaCqmaqYqSYqGeSYgkkgOYIameYqqqIIqCOCOOgSeaSqqqIgGqgqYIkYekqGIGqkmSeCCGIqgSGqCeGOaOSqGaISgCOOGSgGGegqOaqmYqGqGqqSGSeIgSaqeIqqIOqqqSGImqkICIqOqqmIYqGgOYSSmgkaSICCmaGCqCSIqqIOeSSCCIqaaGYYqGeOqSmYSkCkqIgYqaeqkYYYqCSOOImeaqqGOOOSeCOqgICSSeGGqOa
OSqqqegqCSIkkOCgSkSqSCYqGqOIGSeqCeaSkaOSeqagqeqOqSaSkIGqkeCIqggaCkOCqaIGkaaSSCqSqSIOICSekOmgOYGqgOCkeYgOqqOCeqmSqGqCqYeOqqSaeaCqqGYmYmIgImqOSCqCYSgGCqeSqqqqYOCSIYSaCCgqqCCqqGmGaOCOSOOqYSGSmCYCYYCkmCSekGaYaqmqqIGSYqCYIYYIeGYqqmYqYOgqqqkCYaqegqIICqgkSeOOmYegqSkmIgSqCqmYCqgSOOqSYSSaaeaqYYmqCkCOqGmOSCGeIqYIIIqCqIqCIeGkOaCYgSaOYGGekOamSOqgIOCCqCkaCkGSImqakSeeqqeIqCqOqGGIqCqOemekqqqYOSSqmOSqOmSaYIqqCIgIIGYOqqkIgCggqGqggGqYCYIgSqOCqgqgaCaqOGqSeSqeqkCqeGOSaOCCgeGYqgqSCIkqmqSCkSqqSmggSCGqOq
GkCSIkIOaaSqSqYYSmGICkYGGIOCqqqYqmYmaYGGSGkqYYYCgqOqGYqSCCqqImegkGmmSSmaGIOSggkgSkGkCqqOkYGCaqCIegaGqOOkqOIqaCgSYYYICqYCqGkCaaICCOmSmYaGqCqGmOIaGCGCIkOgeqOgCkOqqqYeYgYCCYgOYSkmeYmISaGIIaGSSkqOeqaeSGIYqSGIqqmqkGmIaSOqCmmeqYqSGmqIYekeGqmgYeGCOOCYqOqYCYYqYCeGqSaqIqmmemkOqgqemICqqmeqCYSGaYqICkOqmgqSYCkaYeqkYYCSeICCqOIGSSCaeqYSCOGCYCSCOmmSeqqIkSICYOOqagIqqYqqkqCSGqqYSImGqCkSCqICYaaCmmOCeeGeCgqCqSSOOaYqSOCSqIIYqIqqeOIgeOqaaqCqIqSGqgqSISCSOqkCGmICqICCIqqYqqqqGqqkIIIGIqYCCqGaSCYCG
SYCICqOgSqqCqCIOgSqGqOGSYImICGOqqYYeeqOIeSCkGCakaqOaIqOSCgCSkmmGkqCaaCIqCCqCImqYOIOqCIIIYqYIgqSeOqGkqCIaYeaGkeeqIkOqqOImCqgmSOIqqeYYqqmmSqYIqOeOOmIqeCOYaGqgOYIIqCmeYYGqqqOqIaqIkqOIkIqYaOOqqkmmqGmCaSqgqYqSkSOGmCkSOCIqCkaIqSmCqSGIkqaqSqkqCSqSGmmgYqaqaYqqYCIeOCqCmqCgqqIqqYSeCYOOCYSGOCSqgISCYGICeeGmkICCIeqqYOOgmaqeqakSqCqgOICqkkSkkaYYOISOSYIqgCYeeIkOmqYqqCOqISqIqeYgYYYSgqCOYqkqqISqIqCIeYemqqqeqOYqCqqIkqqGkYqOaSqIgYqOaqSqOSIgCeSkaIGqqqeqYgeqaaOmYgIqO
qCOCqgqSCSYmqqIqqmCYOgmOSqYqYYeqqOIqIeYkmCYgCeqkYYGOqYOqqqqemqSkCgIqYqGYSqYYkCmOqqImeaqCSkmOGqeCSYIOkCmqqYSOkYYIqYGGGISqSOkOeIeImmYaSkCCSeSkaCIIYCemOCgqgqCqIIkIImYGSqSOSGCOYqISOIqgqCOGkeqqqkqYGkGagqqOgSmGGqIeOCkgCqqeeqeeqqOaCYSqIgOqSCgqOqqqCYqYGSIOOOqIqYYaYCqqIkOeeqaIGSkCOmqOISekgCqGqOOSqYgqGCOaYgOOYOaaSOCSgGCCCGmgCCgqSOkCgIeCqkGOYeqgqYI

